                        .module timer.c
                        .area text(rom, con, rel)
 0000                   .dbfile ./timer.c
                        .area data(ram, con, rel)
 0000                   .dbfile ./timer.c
 0000           _timer_cb::
 0000                   .blkb 2
                        .area idata(rom,lit)
 0000 0000              .word 0
                        .area data(ram, con, rel)
 0002                   .dbfile ./timer.c
 0002                   .dbfile E:\WORKSP~1\cypress\DS400A~1\DSM_RE~1\timer.c
 0002                   .dbsym e timer_cb _timer_cb pfV
                        .area text(rom, con, rel)
 0000                   .dbfile E:\WORKSP~1\cypress\DS400A~1\DSM_RE~1\timer.c
 0000                   .dbfunc e Timer_Wait_ms _Timer_Wait_ms fV
 0000           ;             ms -> X-4
 0000           _Timer_Wait_ms::
 0000                   .dbline -1
 0000 10                push X
 0001 4F                mov X,SP
 0002                   .dbline 10
 0002           ; #include "PSoCAPI.h"    // PSoC API definitions for all User Modules
 0002           ; #include "timer.h"
 0002           ; 
 0002           ; //WORD systic=0;   //will be incremented once per 1,953125 ms
 0002           ; WORD cnt_last;
 0002           ; tmr_callback_t timer_cb=0;
 0002           ; 
 0002           ; //a delay
 0002           ; void Timer_Wait_ms(BYTE ms)
 0002           ; {
 0002                   .dbline 11
 0002           ; SleepTimer_1_TickWait(ms>>2);
 0002 52FC              mov A,[X-4]
 0004 67                asr A
 0005 67                asr A
 0006 213F              and A,63
 0008 10                push X
 0009 7C0000            xcall _SleepTimer_1_TickWait
 000C 20                pop X
 000D                   .dbline -2
 000D           L1:
 000D 20                pop X
 000E                   .dbline 0 ; func end
 000E 7F                ret
 000F                   .dbsym l ms -4 c
 000F                   .dbend
 000F                   .dbfunc e Timer_init _Timer_init fV
 000F           _Timer_init::
 000F                   .dbline -1
 000F                   .dbline 17
 000F           ; }
 000F           ; 
 000F           ; 
 000F           ; 
 000F           ; void Timer_init (void)
 000F           ; {
 000F                   .dbline 18
 000F           ; timer_cb=0;
 000F 550100            mov [_timer_cb+1],<PL0
 0012 550000            mov [_timer_cb],>PL0
 0015                   .dbline 19
 0015           ; SleepTimer_1_EnableInt();
 0015 10                push X
 0016 7C0000            xcall _SleepTimer_1_EnableInt
 0019                   .dbline 20
 0019           ; SleepTimer_1_Start();
 0019 7C0000            xcall _SleepTimer_1_Start
 001C                   .dbline 21
 001C           ; Timer8_1_EnableInt();
 001C 7C0000            xcall _Timer8_1_EnableInt
 001F 20                pop X
 0020                   .dbline -2
 0020           L2:
 0020                   .dbline 0 ; func end
 0020 7F                ret
 0021                   .dbend
 0021                   .dbfunc e Timer_SetCallback _Timer_SetCallback fV
 0021           ;          cb_fn -> X-5
 0021           _Timer_SetCallback::
 0021                   .dbline -1
 0021 10                push X
 0022 4F                mov X,SP
 0023                   .dbline 28
 0023           ; }
 0023           ; 
 0023           ; 
 0023           ; 
 0023           ; 
 0023           ; void Timer_SetCallback(tmr_callback_t cb_fn)
 0023           ; {
 0023                   .dbline 29
 0023           ;       timer_cb=cb_fn;
 0023 52FC              mov A,[X-4]
 0025 5301              mov [_timer_cb+1],A
 0027 52FB              mov A,[X-5]
 0029 5300              mov [_timer_cb],A
 002B                   .dbline -2
 002B           L3:
 002B 20                pop X
 002C                   .dbline 0 ; func end
 002C 7F                ret
 002D                   .dbsym l cb_fn -5 pfV
 002D                   .dbend
 002D                   .dbfunc e Timer8_1_Interrupt _Timer8_1_Interrupt fV
 002D           _Timer8_1_Interrupt::
 002D                   .dbline -1
 002D 08                push A
 002E 5100              mov A,[__r0]
 0030 08                push A
 0031 5100              mov A,[__r1]
 0033 08                push A
 0034 5100              mov A,[__r2]
 0036 08                push A
 0037 5100              mov A,[__r3]
 0039 08                push A
 003A 5100              mov A,[__r4]
 003C 08                push A
 003D 5100              mov A,[__r5]
 003F 08                push A
 0040 5100              mov A,[__r6]
 0042 08                push A
 0043 5100              mov A,[__r7]
 0045 08                push A
 0046 5100              mov A,[__r8]
 0048 08                push A
 0049 5100              mov A,[__r9]
 004B 08                push A
 004C 5100              mov A,[__r10]
 004E 08                push A
 004F 5100              mov A,[__r11]
 0051 08                push A
 0052 5100              mov A,[__rX]
 0054 08                push A
 0055 5100              mov A,[__rY]
 0057 08                push A
 0058 5100              mov A,[__rZ]
 005A 08                push A
 005B                   .dbline 43
 005B           ; }
 005B           ; 
 005B           ; //#pragma interrupt_handler Sleep_Timer_Interrupt
 005B           ; 
 005B           ; /*/interrupt handler on TC of LSB
 005B           ; /void Sleep_Timer_Interrupt(void )
 005B           ; {
 005B           ;       systic++;
 005B           ; }*/
 005B           ; 
 005B           ; #pragma interrupt_handler Timer8_1_Interrupt
 005B           ; 
 005B           ; void Timer8_1_Interrupt(void)
 005B           ; {
 005B                   .dbline 44
 005B           ;       if(timer_cb!=0)
 005B 5F0001            mov [__r1],[_timer_cb+1]
 005E 5100              mov A,[_timer_cb]
 0060 10                push X
 0061 5800              mov X,[__r1]
 0063 08                push A
 0064 28                romx
 0065 5300              mov [__r0],A
 0067 18                pop A
 0068 75                inc X
 0069 0900              adc A,0
 006B 28                romx
 006C 20                pop X
 006D 3C0000            cmp [__r0],0
 0070 B005              jnz X0
 0072 3900              cmp A,0
 0074 A010              jz L5
 0076           X0:
 0076                   .dbline 45
 0076           ;               timer_cb();
 0076 5F0001            mov [__r1],[_timer_cb+1]
 0079 5F0000            mov [__r0],[_timer_cb]
 007C 10                push X
 007D 5800              mov X,[__r1]
 007F 5100              mov A,[__r0]
 0081 7C0000            xcall __plcall
 0084 20                pop X
 0085           L5:
 0085                   .dbline -2
 0085           L4:
 0085 18                pop A
 0086 5300              mov [__rZ],A
 0088 18                pop A
 0089 5300              mov [__rY],A
 008B 18                pop A
 008C 5300              mov [__rX],A
 008E 18                pop A
 008F 5300              mov [__r11],A
 0091 18                pop A
 0092 5300              mov [__r10],A
 0094 18                pop A
 0095 5300              mov [__r9],A
 0097 18                pop A
 0098 5300              mov [__r8],A
 009A 18                pop A
 009B 5300              mov [__r7],A
 009D 18                pop A
 009E 5300              mov [__r6],A
 00A0 18                pop A
 00A1 5300              mov [__r5],A
 00A3 18                pop A
 00A4 5300              mov [__r4],A
 00A6 18                pop A
 00A7 5300              mov [__r3],A
 00A9 18                pop A
 00AA 5300              mov [__r2],A
 00AC 18                pop A
 00AD 5300              mov [__r1],A
 00AF 18                pop A
 00B0 5300              mov [__r0],A
 00B2 18                pop A
 00B3                   .dbline 0 ; func end
 00B3 7E                reti
 00B4                   .dbend
                        .area bss(ram, con, rel)
 0000                   .dbfile E:\WORKSP~1\cypress\DS400A~1\DSM_RE~1\timer.c
 0000           _cnt_last::
 0000                   .blkb 2
 0002                   .dbsym e cnt_last _cnt_last i
                        .area func_lit(rom, con, rel, proclab)
 0000 0000      PL0:    .word 0
